<?xml version="1.0" encoding="UTF-8"?>
<!-- Generated by org.testng.reporters.JUnitReportReporter -->
<testsuite hostname="DESKTOP-1F7BSG7" failures="0" tests="1" name="tests.DaftTests" time="18.105" errors="0" timestamp="2023-11-06T09:49:19 GMT" skipped="0">
  <testcase classname="tests.DaftTests" name="performDaftTest" time="18.105"/>
</testsuite> <!-- tests.DaftTests -->
